<?xml version="1.0" encoding="UTF-8"?>
<testng-results ignored="0" total="1" passed="1" failed="0" skipped="0">
  <reporter-output>
  </reporter-output>
  <suite started-at="2023-09-07T10:14:51 IST" name="Default suite" finished-at="2023-09-07T10:14:52 IST" duration-ms="326">
    <groups>
    </groups>
    <test started-at="2023-09-07T10:14:51 IST" name="Default test" finished-at="2023-09-07T10:14:52 IST" duration-ms="326">
      <class name="dataDrivenTesting.ReadDataFromDataBase">
        <test-method signature="test()[pri:0, instance:dataDrivenTesting.ReadDataFromDataBase@79e2c065]" started-at="2023-09-07T10:14:51 IST" name="test" finished-at="2023-09-07T10:14:52 IST" duration-ms="283" status="PASS">
          <reporter-output>
          </reporter-output>
        </test-method> <!-- test -->
      </class> <!-- dataDrivenTesting.ReadDataFromDataBase -->
    </test> <!-- Default test -->
  </suite> <!-- Default suite -->
</testng-results>
